#
# There is insufficient memory for the Java Runtime Environment to continue.
# Native memory allocation (mmap) failed to map 232783872 bytes. Error detail: G1 virtual space
# Possible reasons:
#   The system is out of physical RAM or swap space
#   This process is running with CompressedOops enabled, and the Java Heap may be blocking the growth of the native heap
# Possible solutions:
#   Reduce memory load on the system
#   Increase physical memory or swap space
#   Check if swap backing store is full
#   Decrease Java heap size (-Xmx/-Xms)
#   Decrease number of Java threads
#   Decrease Java thread stack sizes (-Xss)
#   Set larger code cache with -XX:ReservedCodeCacheSize=
#   JVM is running with Zero Based Compressed Oops mode in which the Java heap is
#     placed in the first 32GB address space. The Java Heap base address is the
#     maximum limit for the native heap growth. Please use -XX:HeapBaseMinAddress
#     to set the Java Heap base and to place the Java Heap above 32GB virtual address.
# This output file may be truncated or incomplete.
#
#  Out of Memory Error (os_windows.cpp:3564), pid=23068, tid=19696
#
# JRE version:  (24.0.1+9) (build )
# Java VM: Java HotSpot(TM) 64-Bit Server VM (24.0.1+9-30, mixed mode, sharing, tiered, compressed oops, compressed class ptrs, g1 gc, windows-amd64)
# No core dump will be written. Minidumps are not enabled by default on client versions of Windows
#

---------------  S U M M A R Y ------------

Command Line: --enable-native-access=ALL-UNNAMED 

Host: AMD Ryzen 7 5700U with Radeon Graphics         , 16 cores, 13G,  Windows 11 , 64 bit Build 26100 (10.0.26100.5074)
Time: Wed Apr 29 14:18:57 2026 India Standard Time elapsed time: 1.102542 seconds (0d 0h 0m 1s)

---------------  T H R E A D  ---------------

Current thread (0x000002256f041200):  JavaThread "Unknown thread" [_thread_in_vm, id=19696, stack(0x000000db0cc00000,0x000000db0cd00000) (1024K)]

Stack: [0x000000db0cc00000,0x000000db0cd00000]
Native frames: (J=compiled Java code, j=interpreted, Vv=VM code, C=native code)
V  [jvm.dll+0x730739]  (no source info available)
V  [jvm.dll+0x8d9b23]  (no source info available)
V  [jvm.dll+0x8dc00d]  (no source info available)
V  [jvm.dll+0x8dc683]  (no source info available)
V  [jvm.dll+0x2aa086]  (no source info available)
V  [jvm.dll+0x72cc65]  (no source info available)
V  [jvm.dll+0x72059a]  (no source info available)
V  [jvm.dll+0x390cea]  (no source info available)
V  [jvm.dll+0x3989f6]  (no source info available)
V  [jvm.dll+0x38523e]  (no source info available)
V  [jvm.dll+0x3854f8]  (no source info available)
V  [jvm.dll+0x35d0cc]  (no source info available)
V  [jvm.dll+0x35dd8d]  (no source info available)
V  [jvm.dll+0x89d28f]  (no source info available)
V  [jvm.dll+0x3f985d]  (no source info available)
V  [jvm.dll+0x8858e6]  (no source info available)
V  [jvm.dll+0x495f3e]  (no source info available)
V  [jvm.dll+0x497d11]  (no source info available)
C  [jli.dll+0x52a1]  (no source info available)
C  [ucrtbase.dll+0x37b0]  (no source info available)
C  [KERNEL32.DLL+0x2e8d7]  (no source info available)
C  [ntdll.dll+0x8d9c]  (no source info available)

Lock stack of current Java thread (top to bottom):


---------------  P R O C E S S  ---------------

Threads class SMR info:
_java_thread_list=0x00007ffbc9a7f318, length=0, elements={
}

Java Threads: ( => current thread )
Total: 0

Other Threads:
  0x00000225714f81c0 WorkerThread "GC Thread#0"                     [id=14504, stack(0x000000db0cd00000,0x000000db0ce00000) (1024K)]
  0x000002257150b7b0 ConcurrentGCThread "G1 Main Marker"            [id=12712, stack(0x000000db0ce00000,0x000000db0cf00000) (1024K)]
  0x000002257150f3d0 WorkerThread "G1 Conc#0"                       [id=17396, stack(0x000000db0cf00000,0x000000db0d000000) (1024K)]

[error occurred during error reporting (printing all threads), id 0xc0000005, EXCEPTION_ACCESS_VIOLATION (0xc0000005) at pc=0x00007ffbc91b14ea]
VM state: not at safepoint (not fully initialized)

VM Mutex/Monitor currently owned by a thread:  ([mutex/lock_event])
[0x00007ffbc9b045b0] Heap_lock - owner thread: 0x000002256f041200

Heap address: 0x0000000722600000, size: 3546 MB, Compressed Oops mode: Zero based, Oop shift amount: 3

CDS archive(s) mapped at: [0x0000000000000000-0x0000000000000000-0x0000000000000000), size 0, SharedBaseAddress: 0x0000000800000000, ArchiveRelocationMode: 1.
UseCompressedClassPointers 1, UseCompactObjectHeaders 0
Narrow klass pointer bits 32, Max shift 3
Narrow klass base: 0xffffffffffffffff, Narrow klass shift: -1
Encoding Range: [0xffffffffffffffff - 0x000000007fffffff), (2147483648 bytes)
Klass Range:    [0x0000000000000000 - 0x0000000000000000), (0 bytes)
Klass ID Range:  [4294967295 - 0) (1)

GC Precious Log:
 CardTable entry size: 512
 Card Set container configuration: InlinePtr #cards 4 size 8 Array Of Cards #cards 16 size 48 Howl #buckets 8 coarsen threshold 3686 Howl Bitmap #cards 512 size 80 coarsen threshold 460 Card regions per heap region 1 cards per card region 4096

Heap:
 garbage-first heap   total reserved 3631104K, committed 0K, used 0K [0x0000000722600000, 0x0000000800000000)
  region size 2048K, 0 young (0K), 0 survivors (0K)

[error occurred during error reporting (printing heap information), id 0xc0000005, EXCEPTION_ACCESS_VIOLATION (0xc0000005) at pc=0x00007ffbc95ce3e9]
GC Heap History (0 events):
No events

Dll operation events (1 events):
Event: 0.014 Loaded shared library C:\Program Files\Java\jdk-24.0.1\bin\java.dll

Deoptimization events (0 events):
No events

Classes loaded (0 events):
No events

Classes unloaded (0 events):
No events

Classes redefined (0 events):
No events

Internal exceptions (0 events):
No events

VM Operations (0 events):
No events

Memory protections (0 events):
No events

Nmethod flushes (0 events):
No events

Events (0 events):
No events


Dynamic libraries:
0x00007ff6e9ed0000 - 0x00007ff6e9ee0000 	C:\Program Files\Java\jdk-24.0.1\bin\java.exe
0x00007ffc8caa0000 - 0x00007ffc8cd09000 	C:\WINDOWS\SYSTEM32\ntdll.dll
0x00007ffc8b540000 - 0x00007ffc8b609000 	C:\WINDOWS\System32\KERNEL32.DLL
0x00007ffc8a120000 - 0x00007ffc8a513000 	C:\WINDOWS\System32\KERNELBASE.dll
0x00007ffc89db0000 - 0x00007ffc89efb000 	C:\WINDOWS\System32\ucrtbase.dll
0x00007ffc7e9b0000 - 0x00007ffc7e9cb000 	C:\Program Files\Java\jdk-24.0.1\bin\VCRUNTIME140.dll
0x00007ffc68e10000 - 0x00007ffc68e26000 	C:\Program Files\Java\jdk-24.0.1\bin\jli.dll
0x00007ffc8b280000 - 0x00007ffc8b444000 	C:\WINDOWS\System32\USER32.dll
0x00007ffc89d80000 - 0x00007ffc89da7000 	C:\WINDOWS\System32\win32u.dll
0x00007ffc76c40000 - 0x00007ffc76ed3000 	C:\WINDOWS\WinSxS\amd64_microsoft.windows.common-controls_6595b64144ccf1df_6.0.26100.5074_none_3e0d6f78e32fd63f\COMCTL32.dll
0x00007ffc8b610000 - 0x00007ffc8b63b000 	C:\WINDOWS\System32\GDI32.dll
0x00007ffc8c8a0000 - 0x00007ffc8c949000 	C:\WINDOWS\System32\msvcrt.dll
0x00007ffc8a740000 - 0x00007ffc8a86d000 	C:\WINDOWS\System32\gdi32full.dll
0x00007ffc8a070000 - 0x00007ffc8a113000 	C:\WINDOWS\System32\msvcp_win.dll
0x00007ffc8b450000 - 0x00007ffc8b47f000 	C:\WINDOWS\System32\IMM32.DLL
0x00007ffc84680000 - 0x00007ffc8468c000 	C:\Program Files\Java\jdk-24.0.1\bin\vcruntime140_1.dll
0x00007ffc6c790000 - 0x00007ffc6c81e000 	C:\Program Files\Java\jdk-24.0.1\bin\msvcp140.dll
0x00007ffbc8e40000 - 0x00007ffbc9be2000 	C:\Program Files\Java\jdk-24.0.1\bin\server\jvm.dll
0x00007ffc8c690000 - 0x00007ffc8c744000 	C:\WINDOWS\System32\ADVAPI32.dll
0x00007ffc8b490000 - 0x00007ffc8b536000 	C:\WINDOWS\System32\sechost.dll
0x00007ffc8af30000 - 0x00007ffc8b048000 	C:\WINDOWS\System32\RPCRT4.dll
0x00007ffc8abf0000 - 0x00007ffc8ac64000 	C:\WINDOWS\System32\WS2_32.dll
0x00007ffc82360000 - 0x00007ffc82395000 	C:\WINDOWS\SYSTEM32\WINMM.dll
0x00007ffc89a90000 - 0x00007ffc89aee000 	C:\WINDOWS\SYSTEM32\POWRPROF.dll
0x00007ffc82d70000 - 0x00007ffc82d7b000 	C:\WINDOWS\SYSTEM32\VERSION.dll
0x00007ffc89a70000 - 0x00007ffc89a84000 	C:\WINDOWS\SYSTEM32\UMPDC.dll
0x00007ffc889b0000 - 0x00007ffc889cb000 	C:\WINDOWS\SYSTEM32\kernel.appcore.dll
0x00007ffc7fb30000 - 0x00007ffc7fb3a000 	C:\Program Files\Java\jdk-24.0.1\bin\jimage.dll
0x00007ffc87610000 - 0x00007ffc87852000 	C:\WINDOWS\SYSTEM32\DBGHELP.DLL
0x00007ffc8a870000 - 0x00007ffc8abeb000 	C:\WINDOWS\System32\combase.dll
0x00007ffc8acb0000 - 0x00007ffc8ad87000 	C:\WINDOWS\System32\OLEAUT32.dll
0x00007ffc7c3e0000 - 0x00007ffc7c41d000 	C:\WINDOWS\SYSTEM32\dbgcore.DLL
0x00007ffc8a6a0000 - 0x00007ffc8a739000 	C:\WINDOWS\System32\bcryptPrimitives.dll
0x00007ffc7e990000 - 0x00007ffc7e9ae000 	C:\Program Files\Java\jdk-24.0.1\bin\java.dll
0x00007ffc8ad90000 - 0x00007ffc8af28000 	C:\WINDOWS\System32\ole32.dll
0x00007ffc8be30000 - 0x00007ffc8c57d000 	C:\WINDOWS\System32\SHELL32.dll
0x00007ffc89f00000 - 0x00007ffc8a06c000 	C:\WINDOWS\System32\wintypes.dll

JVMTI agents: none

dbghelp: loaded successfully - version: 4.0.5 - missing functions: none
symbol engine: initialized successfully - sym options: 0x614 - pdb path: .;C:\Program Files\Java\jdk-24.0.1\bin;C:\WINDOWS\SYSTEM32;C:\WINDOWS\WinSxS\amd64_microsoft.windows.common-controls_6595b64144ccf1df_6.0.26100.5074_none_3e0d6f78e32fd63f;C:\Program Files\Java\jdk-24.0.1\bin\server

VM Arguments:
jvm_args: --enable-native-access=ALL-UNNAMED 
java_command: <unknown>
java_class_path (initial): <not set>
Launcher Type: SUN_STANDARD

[Global flags]
     intx CICompilerCount                          = 12                                        {product} {ergonomic}
     uint ConcGCThreads                            = 3                                         {product} {ergonomic}
     uint G1ConcRefinementThreads                  = 13                                        {product} {ergonomic}
   size_t G1HeapRegionSize                         = 2097152                                   {product} {ergonomic}
   size_t InitialHeapSize                          = 232783872                                 {product} {ergonomic}
   size_t MarkStackSize                            = 4194304                                   {product} {ergonomic}
   size_t MarkStackSizeMax                         = 536870912                                 {product} {ergonomic}
   size_t MaxHeapSize                              = 3718250496                                {product} {ergonomic}
   size_t MinHeapDeltaBytes                        = 2097152                                   {product} {ergonomic}
   size_t MinHeapSize                              = 8388608                                   {product} {ergonomic}
    uintx NonNMethodCodeHeapSize                   = 7602176                                {pd product} {ergonomic}
    uintx NonProfiledCodeHeapSize                  = 122093568                              {pd product} {ergonomic}
     bool PerfDisableSharedMem                     = true                                      {product} {ergonomic}
    uintx ProfiledCodeHeapSize                     = 121962496                              {pd product} {ergonomic}
    uintx ReservedCodeCacheSize                    = 251658240                              {pd product} {ergonomic}
     bool SegmentedCodeCache                       = true                                      {product} {ergonomic}
   size_t SoftMaxHeapSize                          = 3718250496                             {manageable} {ergonomic}
     bool UseCompressedOops                        = true                           {product lp64_product} {ergonomic}
     bool UseG1GC                                  = true                                      {product} {ergonomic}
     bool UseLargePagesIndividualAllocation        = false                                  {pd product} {ergonomic}

Logging:
Log output configuration:
 #0: stdout all=warning uptime,level,tags foldmultilines=false
 #1: stderr all=off uptime,level,tags foldmultilines=false

Environment Variables:
JAVA_HOME=C:\Program Files\Java\jdk-24.0.1
PATH=C:\Program Files\Google\Chrome\Application;C:\Program Files (x86)\Common Files\Oracle\Java\java8path;C:\Program Files (x86)\Common Files\Oracle\Java\javapath;C:\Program Files\java\jre1.8.0_481\bin;C:\ProgramData\chocolatey\lib\maven\apache-maven-3.9.14\bin;C:\Program Files\java\jre1.8.0_481\bin;C:\Program Files\Java\jdk-24.0.1\bin;C:\python\python3.10\Scripts\;C:\python\python3.10\;C:\WINDOWS\system32;C:\WINDOWS;C:\WINDOWS\System32\Wbem;C:\WINDOWS\System32\WindowsPowerShell\v1.0\;C:\WINDOWS\System32\OpenSSH\;C:\python\python3.10;C:\Program Files\Git\cmd;E:\Node js\;C:\ProgramData\chocolatey\bin;C:\Python Software\python3.13.5\Scripts\;C:\Python Software\python3.13.5\;C:\Users\dines\AppData\Local\Programs\Microsoft VS Code\bin;C:\PHP;C:\Users\dines\AppData\Roaming\npm;C:\Users\dines\AppData\Local\JetBrains\Toolbox\scripts
USERNAME=dines
OS=Windows_NT
PROCESSOR_IDENTIFIER=AMD64 Family 23 Model 104 Stepping 1, AuthenticAMD
TMP=C:\Users\dines\AppData\Local\Temp
TEMP=C:\Users\dines\AppData\Local\Temp




Periodic native trim disabled

---------------  S Y S T E M  ---------------

OS:
 Windows 11 , 64 bit Build 26100 (10.0.26100.5074)
OS uptime: 1 days 0:09 hours
Hyper-V role detected

CPU: total 16 (initial active 16) (16 cores per cpu, 2 threads per core) family 23 model 104 stepping 1 microcode 0x8608103, cx8, cmov, fxsr, ht, mmx, 3dnowpref, sse, sse2, sse3, ssse3, sse4a, sse4.1, sse4.2, popcnt, lzcnt, tsc, tscinvbit, avx, avx2, aes, clmul, bmi1, bmi2, adx, sha, fma, vzeroupper, clflush, clflushopt, hv, rdtscp, rdpid, f16c
Processor Information for the first 16 processors :
  Max Mhz: 1801, Current Mhz: 1801, Mhz Limit: 1801

Memory: 4k page, system-wide physical 14181M (4048M free)
TotalPageFile size 16229M (AvailPageFile size 120M)
current process WorkingSet (physical memory assigned to process): 13M, peak: 13M
current process commit charge ("private bytes"): 71M, peak: 293M

vm_info: Java HotSpot(TM) 64-Bit Server VM (24.0.1+9-30) for windows-amd64 JRE (24.0.1+9-30), built on 2025-03-05T07:23:45Z with MS VC++ 17.6 (VS2022)

END.
